<?xml version="1.0" encoding="UTF-8"?>
<testsuite name="LibraryTest" tests="1" skipped="0" failures="0" errors="0" timestamp="2018-08-15T03:34:17" hostname="macbookpro.home" time="1.67">
  <properties/>
  <testcase name="testSomeLibraryMethod" classname="LibraryTest" time="1.67"/>
  <system-out><![CDATA[Geth/miner1/v1.7.1-stable-05101641/darwin-amd64/go1.9
]]></system-out>
  <system-err><![CDATA[SLF4J: Failed to load class "org.slf4j.impl.StaticLoggerBinder".
SLF4J: Defaulting to no-operation (NOP) logger implementation
SLF4J: See http://www.slf4j.org/codes.html#StaticLoggerBinder for further details.
]]></system-err>
</testsuite>
